2016-09-18 07:47:33 pid:16003 Workerman[server.php] chat 
2016-09-18 07:47:33 pid:16003 Workerman[server.php] not run
2016-09-18 15:48:52 pid:16053 Workerman[server.php] chat 
2016-09-18 15:48:52 pid:16053 Workerman[server.php] not run
2016-09-18 15:49:14 pid:16060 Workerman[server.php] chat 
2016-09-18 15:49:14 pid:16060 Workerman[server.php] not run
2016-09-18 15:49:18 pid:16067 Workerman[server.php] chat 
2016-09-18 15:49:18 pid:16067 Workerman[server.php] not run
2016-09-18 15:59:37 pid:16829 Workerman[server.php] start in DEBUG mode
2016-09-18 16:00:59 pid:16829 Workerman[server.php] Stopping ...
2016-09-18 16:00:59 pid:16829 Workerman[server.php] has been stopped
2016-09-18 16:27:40 pid:18985 Workerman[server.php] start in DEBUG mode
2016-09-18 16:31:32 pid:18985 Workerman[server.php] Stopping ...
2016-09-18 16:31:33 pid:18985 Workerman[server.php] has been stopped
2016-09-18 16:39:29 pid:19806 Workerman[server.php] todpole 
2016-09-18 16:39:29 pid:19806 Workerman[server.php] not run
2016-09-18 16:39:33 pid:19813 Workerman[server.php] start in DEBUG mode
2016-09-18 16:39:35 pid:19813 Workerman[server.php] Stopping ...
2016-09-18 16:39:35 pid:19813 Workerman[server.php] has been stopped
2016-09-18 16:41:39 pid:20003 Workerman[server.php] start in DEBUG mode
2016-09-18 16:42:21 pid:20003 Workerman[server.php] Stopping ...
2016-09-18 16:42:21 pid:20003 Workerman[server.php] has been stopped
2016-09-18 16:43:48 pid:20197 Workerman[server.php] start in DEBUG mode
2016-09-18 16:44:29 pid:20197 Workerman[server.php] Stopping ...
2016-09-18 16:44:29 pid:20197 Workerman[server.php] has been stopped
2016-09-18 17:04:59 pid:21737 Workerman[Sharin/server.module] start in DEBUG mode
2016-09-18 17:06:19 pid:21737 Workerman[server.module] Stopping ...
2016-09-18 17:06:20 pid:21737 Workerman[server.module] has been stopped
2016-09-18 17:22:20 pid:23059 Workerman[Sharin/server.module] start in DEBUG mode
2016-09-18 17:23:57 pid:23059 Workerman[server.module] Stopping ...
2016-09-18 17:23:57 pid:23059 Workerman[server.module] has been stopped
2016-09-18 17:24:00 pid:23273 Workerman[Sharin/server.module] start in DEBUG mode
2016-09-18 17:24:29 pid:23273 Workerman[server.module] Stopping ...
2016-09-18 17:24:29 pid:23273 Workerman[server.module] has been stopped
2016-09-18 17:27:40 pid:23549 Workerman[../Sharin/server.module] start in DEBUG mode
2016-09-18 17:33:20 pid:23549 Workerman[server.module] Stopping ...
2016-09-18 17:33:20 pid:23549 Workerman[server.module] has been stopped
